Determining if the pthread_create exist failed with the following output:
Change Dir: /home/brandonjabr/git/darknet/Yolo_mark/CMakeFiles/CMakeTmp

Run Build Command:"/usr/bin/make" "cmTC_7512f/fast"
/usr/bin/make -f CMakeFiles/cmTC_7512f.dir/build.make CMakeFiles/cmTC_7512f.dir/build
make[1]: Entering directory '/home/brandonjabr/git/darknet/Yolo_mark/CMakeFiles/CMakeTmp'
Building CXX object CMakeFiles/cmTC_7512f.dir/CheckSymbolExists.cxx.o
/usr/bin/c++     -o CMakeFiles/cmTC_7512f.dir/CheckSymbolExists.cxx.o -c /home/brandonjabr/git/darknet/Yolo_mark/CMakeFiles/CMakeTmp/CheckSymbolExists.cxx
Linking CXX executable cmTC_7512f
/usr/bin/cmake -E cmake_link_script CMakeFiles/cmTC_7512f.dir/link.txt --verbose=1
/usr/bin/c++       -rdynamic CMakeFiles/cmTC_7512f.dir/CheckSymbolExists.cxx.o  -o cmTC_7512f 
CMakeFiles/cmTC_7512f.dir/CheckSymbolExists.cxx.o: In function `main':
CheckSymbolExists.cxx:(.text+0x1b): undefined reference to `pthread_create'
collect2: error: ld returned 1 exit status
CMakeFiles/cmTC_7512f.dir/build.make:97: recipe for target 'cmTC_7512f' failed
make[1]: *** [cmTC_7512f] Error 1
make[1]: Leaving directory '/home/brandonjabr/git/darknet/Yolo_mark/CMakeFiles/CMakeTmp'
Makefile:126: recipe for target 'cmTC_7512f/fast' failed
make: *** [cmTC_7512f/fast] Error 2

File /home/brandonjabr/git/darknet/Yolo_mark/CMakeFiles/CMakeTmp/CheckSymbolExists.cxx:
/* */
#include <pthread.h>

int main(int argc, char** argv)
{
  (void)argv;
#ifndef pthread_create
  return ((int*)(&pthread_create))[argc];
#else
  (void)argc;
  return 0;
#endif
}

Determining if the function pthread_create exists in the pthreads failed with the following output:
Change Dir: /home/brandonjabr/git/darknet/Yolo_mark/CMakeFiles/CMakeTmp

Run Build Command:"/usr/bin/make" "cmTC_414ee/fast"
/usr/bin/make -f CMakeFiles/cmTC_414ee.dir/build.make CMakeFiles/cmTC_414ee.dir/build
make[1]: Entering directory '/home/brandonjabr/git/darknet/Yolo_mark/CMakeFiles/CMakeTmp'
Building CXX object CMakeFiles/cmTC_414ee.dir/CheckFunctionExists.cxx.o
/usr/bin/c++    -DCHECK_FUNCTION_EXISTS=pthread_create   -o CMakeFiles/cmTC_414ee.dir/CheckFunctionExists.cxx.o -c /home/brandonjabr/git/darknet/Yolo_mark/CMakeFiles/CheckLibraryExists/CheckFunctionExists.cxx
Linking CXX executable cmTC_414ee
/usr/bin/cmake -E cmake_link_script CMakeFiles/cmTC_414ee.dir/link.txt --verbose=1
/usr/bin/c++   -DCHECK_FUNCTION_EXISTS=pthread_create    -rdynamic CMakeFiles/cmTC_414ee.dir/CheckFunctionExists.cxx.o  -o cmTC_414ee -lpthreads 
/usr/bin/ld: cannot find -lpthreads
collect2: error: ld returned 1 exit status
CMakeFiles/cmTC_414ee.dir/build.make:97: recipe for target 'cmTC_414ee' failed
make[1]: *** [cmTC_414ee] Error 1
make[1]: Leaving directory '/home/brandonjabr/git/darknet/Yolo_mark/CMakeFiles/CMakeTmp'
Makefile:126: recipe for target 'cmTC_414ee/fast' failed
make: *** [cmTC_414ee/fast] Error 2


